2025-07-26 19:25:19 | INFO | __main__:_setup_logging:46 | Logging configured with level: DEBUG
2025-07-26 19:25:19 | INFO | __main__:_setup_bot_and_dispatcher:65 | Setting up bot and dispatcher...
2025-07-26 19:25:20 | INFO | __main__:_on_startup:99 | 🚀 TelegramBot started successfully!
2025-07-26 19:25:20 | INFO | __main__:_on_startup:100 | Bot description: Telegram Bot
2025-07-26 19:25:20 | INFO | __main__:_on_startup:107 | Bot commands set successfully
2025-07-26 19:25:20 | INFO | __main__:run:137 | Starting bot polling...
2025-07-26 19:26:55 | INFO | __main__:_on_shutdown:112 | 🛑 Shutting down bot...
2025-07-26 19:26:55 | INFO | __main__:_on_shutdown:115 | Bot shutdown completed
2025-07-26 23:02:12 | INFO | __main__:_setup_logging:46 | Logging configured with level: DEBUG
2025-07-26 23:02:12 | INFO | __main__:_setup_bot_and_dispatcher:65 | Setting up bot and dispatcher...
2025-07-26 23:02:12 | INFO | __main__:_on_startup:99 | 🚀 TelegramBot started successfully!
2025-07-26 23:02:12 | INFO | __main__:_on_startup:100 | Bot description: Telegram Bot
2025-07-26 23:02:12 | INFO | __main__:_on_startup:107 | Bot commands set successfully
2025-07-26 23:02:12 | INFO | __main__:run:137 | Starting bot polling...
2025-07-26 23:04:13 | INFO | __main__:_on_shutdown:112 | 🛑 Shutting down bot...
2025-07-26 23:04:13 | INFO | __main__:_on_shutdown:115 | Bot shutdown completed
2025-07-26 23:07:15 | INFO | __main__:_setup_logging:46 | Logging configured with level: DEBUG
2025-07-26 23:07:15 | INFO | __main__:_setup_bot_and_dispatcher:65 | Setting up bot and dispatcher...
2025-07-26 23:07:15 | INFO | __main__:_on_startup:99 | 🚀 TelegramBot started successfully!
2025-07-26 23:07:15 | INFO | __main__:_on_startup:100 | Bot description: Telegram Bot
2025-07-26 23:07:15 | INFO | __main__:_on_startup:107 | Bot commands set successfully
2025-07-26 23:07:15 | INFO | __main__:run:137 | Starting bot polling...
2025-07-26 23:13:55 | INFO | __main__:_on_shutdown:112 | 🛑 Shutting down bot...
2025-07-26 23:13:55 | INFO | __main__:_on_shutdown:115 | Bot shutdown completed
2025-07-26 23:23:40 | INFO | __main__:_setup_logging:46 | Logging configured with level: DEBUG
2025-07-26 23:23:40 | INFO | __main__:_setup_bot_and_dispatcher:65 | Setting up bot and dispatcher...
2025-07-26 23:23:41 | INFO | __main__:_on_startup:99 | 🚀 TelegramBot started successfully!
2025-07-26 23:23:41 | INFO | __main__:_on_startup:100 | Bot description: Telegram Bot
2025-07-26 23:23:41 | INFO | __main__:_on_startup:107 | Bot commands set successfully
2025-07-26 23:23:41 | INFO | __main__:run:137 | Starting bot polling...
2025-07-26 23:25:00 | INFO | __main__:_on_shutdown:112 | 🛑 Shutting down bot...
2025-07-26 23:25:00 | INFO | __main__:_on_shutdown:115 | Bot shutdown completed
2025-07-26 23:25:08 | INFO | __main__:_setup_logging:46 | Logging configured with level: DEBUG
2025-07-26 23:25:08 | INFO | __main__:_setup_bot_and_dispatcher:65 | Setting up bot and dispatcher...
2025-07-26 23:25:08 | INFO | __main__:_on_startup:99 | 🚀 TelegramBot started successfully!
2025-07-26 23:25:08 | INFO | __main__:_on_startup:100 | Bot description: Telegram Bot
2025-07-26 23:25:08 | INFO | __main__:_on_startup:107 | Bot commands set successfully
2025-07-26 23:25:08 | INFO | __main__:run:137 | Starting bot polling...
2025-07-26 23:27:47 | INFO | __main__:_on_shutdown:112 | 🛑 Shutting down bot...
2025-07-26 23:27:47 | INFO | __main__:_on_shutdown:115 | Bot shutdown completed
2025-07-26 23:27:54 | INFO | __main__:_setup_logging:46 | Logging configured with level: DEBUG
2025-07-26 23:27:54 | INFO | __main__:_setup_bot_and_dispatcher:65 | Setting up bot and dispatcher...
2025-07-26 23:27:54 | INFO | __main__:_on_startup:99 | 🚀 TelegramBot started successfully!
2025-07-26 23:27:54 | INFO | __main__:_on_startup:100 | Bot description: Telegram Bot
2025-07-26 23:27:55 | INFO | __main__:_on_startup:107 | Bot commands set successfully
2025-07-26 23:27:55 | INFO | __main__:run:137 | Starting bot polling...
2025-07-26 23:29:59 | INFO | __main__:_on_shutdown:112 | 🛑 Shutting down bot...
2025-07-26 23:29:59 | INFO | __main__:_on_shutdown:115 | Bot shutdown completed
2025-07-26 23:30:06 | INFO | __main__:_setup_logging:46 | Logging configured with level: DEBUG
2025-07-26 23:30:06 | INFO | __main__:_setup_bot_and_dispatcher:65 | Setting up bot and dispatcher...
2025-07-26 23:30:06 | INFO | __main__:_on_startup:99 | 🚀 TelegramBot started successfully!
2025-07-26 23:30:06 | INFO | __main__:_on_startup:100 | Bot description: Telegram Bot
2025-07-26 23:30:06 | INFO | __main__:_on_startup:107 | Bot commands set successfully
2025-07-26 23:30:06 | INFO | __main__:run:137 | Starting bot polling...
2025-07-26 23:30:35 | INFO | __main__:_on_shutdown:112 | 🛑 Shutting down bot...
2025-07-26 23:30:35 | INFO | __main__:_on_shutdown:115 | Bot shutdown completed
2025-07-26 23:30:42 | INFO | __main__:_setup_logging:46 | Logging configured with level: DEBUG
2025-07-26 23:30:42 | INFO | __main__:_setup_bot_and_dispatcher:65 | Setting up bot and dispatcher...
2025-07-26 23:30:42 | INFO | __main__:_on_startup:99 | 🚀 TelegramBot started successfully!
2025-07-26 23:30:42 | INFO | __main__:_on_startup:100 | Bot description: Telegram Bot
2025-07-26 23:30:42 | INFO | __main__:_on_startup:107 | Bot commands set successfully
2025-07-26 23:30:42 | INFO | __main__:run:137 | Starting bot polling...
2025-07-26 23:33:26 | INFO | __main__:_on_shutdown:112 | 🛑 Shutting down bot...
2025-07-26 23:33:26 | INFO | __main__:_on_shutdown:115 | Bot shutdown completed
2025-07-26 23:33:32 | INFO | __main__:_setup_logging:46 | Logging configured with level: DEBUG
2025-07-26 23:33:32 | INFO | __main__:_setup_bot_and_dispatcher:65 | Setting up bot and dispatcher...
2025-07-26 23:33:33 | INFO | __main__:_on_startup:99 | 🚀 TelegramBot started successfully!
2025-07-26 23:33:33 | INFO | __main__:_on_startup:100 | Bot description: Telegram Bot
2025-07-26 23:33:33 | INFO | __main__:_on_startup:107 | Bot commands set successfully
2025-07-26 23:33:33 | INFO | __main__:run:137 | Starting bot polling...
2025-07-26 23:38:01 | INFO | __main__:_on_shutdown:112 | 🛑 Shutting down bot...
2025-07-26 23:38:01 | INFO | __main__:_on_shutdown:115 | Bot shutdown completed
2025-07-26 23:38:34 | INFO | __main__:_setup_logging:46 | Logging configured with level: DEBUG
2025-07-26 23:38:34 | INFO | __main__:_setup_bot_and_dispatcher:65 | Setting up bot and dispatcher...
2025-07-26 23:38:35 | INFO | __main__:_on_startup:99 | 🚀 TelegramBot started successfully!
2025-07-26 23:38:35 | INFO | __main__:_on_startup:100 | Bot description: Telegram Bot
2025-07-26 23:38:35 | INFO | __main__:_on_startup:107 | Bot commands set successfully
2025-07-26 23:38:35 | INFO | __main__:run:137 | Starting bot polling...
2025-07-26 23:41:41 | INFO | __main__:_on_shutdown:112 | 🛑 Shutting down bot...
2025-07-26 23:41:41 | INFO | __main__:_on_shutdown:115 | Bot shutdown completed
2025-07-26 23:41:49 | INFO | __main__:_setup_logging:46 | Logging configured with level: DEBUG
2025-07-26 23:41:49 | INFO | __main__:_setup_bot_and_dispatcher:65 | Setting up bot and dispatcher...
2025-07-26 23:41:49 | INFO | __main__:_on_startup:99 | 🚀 TelegramBot started successfully!
2025-07-26 23:41:49 | INFO | __main__:_on_startup:100 | Bot description: Telegram Bot
2025-07-26 23:41:49 | INFO | __main__:_on_startup:107 | Bot commands set successfully
2025-07-26 23:41:49 | INFO | __main__:run:137 | Starting bot polling...
2025-07-26 23:44:28 | INFO | __main__:_on_shutdown:112 | 🛑 Shutting down bot...
2025-07-26 23:44:28 | INFO | __main__:_on_shutdown:115 | Bot shutdown completed
2025-07-26 23:56:05 | INFO | __main__:_setup_logging:46 | Logging configured with level: DEBUG
2025-07-26 23:56:05 | INFO | __main__:_setup_bot_and_dispatcher:65 | Setting up bot and dispatcher...
2025-07-26 23:56:05 | INFO | __main__:_on_startup:99 | 🚀 TelegramBot started successfully!
2025-07-26 23:56:05 | INFO | __main__:_on_startup:100 | Bot description: Telegram Bot
2025-07-26 23:56:06 | INFO | __main__:_on_startup:107 | Bot commands set successfully
2025-07-26 23:56:06 | INFO | __main__:run:137 | Starting bot polling...
2025-07-26 23:58:14 | INFO | __main__:_on_shutdown:112 | 🛑 Shutting down bot...
2025-07-26 23:58:14 | INFO | __main__:_on_shutdown:115 | Bot shutdown completed
2025-07-26 23:58:23 | INFO | __main__:_setup_logging:46 | Logging configured with level: DEBUG
2025-07-26 23:58:23 | INFO | __main__:_setup_bot_and_dispatcher:65 | Setting up bot and dispatcher...
2025-07-26 23:58:23 | INFO | __main__:_on_startup:99 | 🚀 TelegramBot started successfully!
2025-07-26 23:58:23 | INFO | __main__:_on_startup:100 | Bot description: Telegram Bot
2025-07-26 23:58:23 | INFO | __main__:_on_startup:107 | Bot commands set successfully
2025-07-26 23:58:23 | INFO | __main__:run:137 | Starting bot polling...
2025-07-26 23:58:52 | INFO | __main__:_on_shutdown:112 | 🛑 Shutting down bot...
2025-07-26 23:58:52 | INFO | __main__:_on_shutdown:115 | Bot shutdown completed
2025-07-26 23:59:02 | INFO | __main__:_setup_logging:46 | Logging configured with level: DEBUG
2025-07-26 23:59:02 | INFO | __main__:_setup_bot_and_dispatcher:65 | Setting up bot and dispatcher...
2025-07-26 23:59:02 | INFO | __main__:_on_startup:99 | 🚀 TelegramBot started successfully!
2025-07-26 23:59:02 | INFO | __main__:_on_startup:100 | Bot description: Telegram Bot
2025-07-26 23:59:02 | INFO | __main__:_on_startup:107 | Bot commands set successfully
2025-07-26 23:59:02 | INFO | __main__:run:137 | Starting bot polling...
2025-07-27 00:00:13 | INFO | __main__:_on_shutdown:112 | 🛑 Shutting down bot...
2025-07-27 00:00:13 | INFO | __main__:_on_shutdown:115 | Bot shutdown completed
2025-07-27 00:00:21 | INFO | __main__:_setup_logging:46 | Logging configured with level: DEBUG
2025-07-27 00:00:21 | INFO | __main__:_setup_bot_and_dispatcher:65 | Setting up bot and dispatcher...
2025-07-27 00:00:21 | INFO | __main__:_on_startup:99 | 🚀 TelegramBot started successfully!
2025-07-27 00:00:21 | INFO | __main__:_on_startup:100 | Bot description: Telegram Bot
2025-07-27 00:00:21 | INFO | __main__:_on_startup:107 | Bot commands set successfully
2025-07-27 00:00:21 | INFO | __main__:run:137 | Starting bot polling...
2025-07-27 00:03:30 | INFO | __main__:_on_shutdown:112 | 🛑 Shutting down bot...
2025-07-27 00:03:30 | INFO | __main__:_on_shutdown:115 | Bot shutdown completed
2025-07-27 00:03:52 | INFO | __main__:_setup_logging:46 | Logging configured with level: DEBUG
2025-07-27 00:03:52 | INFO | __main__:_setup_bot_and_dispatcher:65 | Setting up bot and dispatcher...
2025-07-27 00:03:52 | INFO | __main__:_on_startup:99 | 🚀 TelegramBot started successfully!
2025-07-27 00:03:52 | INFO | __main__:_on_startup:100 | Bot description: Telegram Bot
2025-07-27 00:03:52 | INFO | __main__:_on_startup:107 | Bot commands set successfully
2025-07-27 00:03:52 | INFO | __main__:run:137 | Starting bot polling...
2025-07-27 00:04:19 | INFO | __main__:_on_shutdown:112 | 🛑 Shutting down bot...
2025-07-27 00:04:19 | INFO | __main__:_on_shutdown:115 | Bot shutdown completed
2025-07-27 00:06:06 | INFO | __main__:_setup_logging:46 | Logging configured with level: DEBUG
2025-07-27 00:06:06 | INFO | __main__:_setup_bot_and_dispatcher:65 | Setting up bot and dispatcher...
2025-07-27 00:06:07 | INFO | __main__:_on_startup:99 | 🚀 TelegramBot started successfully!
2025-07-27 00:06:07 | INFO | __main__:_on_startup:100 | Bot description: Telegram Bot
2025-07-27 00:06:07 | INFO | __main__:_on_startup:107 | Bot commands set successfully
2025-07-27 00:06:07 | INFO | __main__:run:137 | Starting bot polling...
2025-07-27 00:07:11 | INFO | __main__:_on_shutdown:112 | 🛑 Shutting down bot...
2025-07-27 00:07:11 | INFO | __main__:_on_shutdown:115 | Bot shutdown completed
2025-07-27 00:07:47 | INFO | __main__:_setup_logging:46 | Logging configured with level: DEBUG
2025-07-27 00:07:47 | INFO | __main__:_setup_bot_and_dispatcher:65 | Setting up bot and dispatcher...
2025-07-27 00:07:47 | INFO | __main__:_on_startup:99 | 🚀 TelegramBot started successfully!
2025-07-27 00:07:47 | INFO | __main__:_on_startup:100 | Bot description: Telegram Bot
2025-07-27 00:07:47 | INFO | __main__:_on_startup:107 | Bot commands set successfully
2025-07-27 00:07:47 | INFO | __main__:run:137 | Starting bot polling...
2025-07-27 00:09:20 | INFO | __main__:_on_shutdown:112 | 🛑 Shutting down bot...
2025-07-27 00:09:20 | INFO | __main__:_on_shutdown:115 | Bot shutdown completed
2025-07-27 00:09:27 | INFO | __main__:_setup_logging:46 | Logging configured with level: DEBUG
2025-07-27 00:09:27 | INFO | __main__:_setup_bot_and_dispatcher:65 | Setting up bot and dispatcher...
2025-07-27 00:09:28 | INFO | __main__:_on_startup:99 | 🚀 TelegramBot started successfully!
2025-07-27 00:09:28 | INFO | __main__:_on_startup:100 | Bot description: Telegram Bot
2025-07-27 00:09:28 | INFO | __main__:_on_startup:107 | Bot commands set successfully
2025-07-27 00:09:28 | INFO | __main__:run:137 | Starting bot polling...
2025-07-27 00:10:33 | INFO | __main__:_on_shutdown:112 | 🛑 Shutting down bot...
2025-07-27 00:10:33 | INFO | __main__:_on_shutdown:115 | Bot shutdown completed
2025-07-27 00:10:54 | INFO | __main__:_setup_logging:46 | Logging configured with level: DEBUG
2025-07-27 00:10:54 | INFO | __main__:_setup_bot_and_dispatcher:65 | Setting up bot and dispatcher...
2025-07-27 00:10:55 | INFO | __main__:_on_startup:99 | 🚀 TelegramBot started successfully!
2025-07-27 00:10:55 | INFO | __main__:_on_startup:100 | Bot description: Telegram Bot
2025-07-27 00:10:55 | INFO | __main__:_on_startup:107 | Bot commands set successfully
2025-07-27 00:10:55 | INFO | __main__:run:137 | Starting bot polling...
2025-07-27 00:12:11 | INFO | __main__:_on_shutdown:112 | 🛑 Shutting down bot...
2025-07-27 00:12:11 | INFO | __main__:_on_shutdown:115 | Bot shutdown completed
2025-07-27 00:12:39 | INFO | __main__:_setup_logging:46 | Logging configured with level: DEBUG
2025-07-27 00:12:39 | INFO | __main__:_setup_bot_and_dispatcher:65 | Setting up bot and dispatcher...
2025-07-27 00:12:40 | INFO | __main__:_on_startup:99 | 🚀 TelegramBot started successfully!
2025-07-27 00:12:40 | INFO | __main__:_on_startup:100 | Bot description: Telegram Bot
2025-07-27 00:12:40 | INFO | __main__:_on_startup:107 | Bot commands set successfully
2025-07-27 00:12:40 | INFO | __main__:run:137 | Starting bot polling...
2025-07-27 00:13:16 | INFO | __main__:_on_shutdown:112 | 🛑 Shutting down bot...
2025-07-27 00:13:16 | INFO | __main__:_on_shutdown:115 | Bot shutdown completed
2025-07-27 00:13:41 | INFO | __main__:_setup_logging:46 | Logging configured with level: DEBUG
2025-07-27 00:13:41 | INFO | __main__:_setup_bot_and_dispatcher:65 | Setting up bot and dispatcher...
2025-07-27 00:13:42 | INFO | __main__:_on_startup:99 | 🚀 TelegramBot started successfully!
2025-07-27 00:13:42 | INFO | __main__:_on_startup:100 | Bot description: Telegram Bot
2025-07-27 00:13:42 | INFO | __main__:_on_startup:107 | Bot commands set successfully
2025-07-27 00:13:42 | INFO | __main__:run:137 | Starting bot polling...
