2025-07-17 13:16:53 | INFO | __main__:_setup_logging:31 | Logging configured with level: DEBUG
2025-07-17 13:16:53 | INFO | __main__:_setup_bot_and_dispatcher:36 | Setting up bot and dispatcher...
2025-07-17 13:16:53 | INFO | __main__:_on_startup:60 | 🚀 TelegramBot started successfully!
2025-07-17 13:16:53 | INFO | __main__:_on_startup:61 | Bot description: Telegram Bot
2025-07-17 13:16:53 | INFO | __main__:_on_startup:68 | Bot commands set successfully
2025-07-17 13:16:53 | INFO | __main__:run:95 | Starting bot polling...
2025-07-17 13:17:05 | INFO | __main__:_on_shutdown:73 | 🛑 Shutting down bot...
2025-07-17 13:17:05 | INFO | __main__:_on_shutdown:76 | Bot shutdown completed
2025-07-17 13:20:22 | INFO | __main__:_setup_logging:31 | Logging configured with level: DEBUG
2025-07-17 13:20:22 | INFO | __main__:_setup_bot_and_dispatcher:36 | Setting up bot and dispatcher...
2025-07-17 13:20:22 | INFO | __main__:_on_startup:60 | 🚀 TelegramBot started successfully!
2025-07-17 13:20:22 | INFO | __main__:_on_startup:61 | Bot description: Telegram Bot
2025-07-17 13:20:23 | INFO | __main__:_on_startup:68 | Bot commands set successfully
2025-07-17 13:20:23 | INFO | __main__:run:95 | Starting bot polling...
2025-07-17 13:21:08 | INFO | __main__:_on_shutdown:73 | 🛑 Shutting down bot...
2025-07-17 13:21:08 | INFO | __main__:_on_shutdown:76 | Bot shutdown completed
2025-07-17 13:21:13 | INFO | __main__:_setup_logging:31 | Logging configured with level: DEBUG
2025-07-17 13:21:13 | INFO | __main__:_setup_bot_and_dispatcher:36 | Setting up bot and dispatcher...
2025-07-17 13:21:13 | INFO | __main__:_on_startup:60 | 🚀 TelegramBot started successfully!
2025-07-17 13:21:13 | INFO | __main__:_on_startup:61 | Bot description: Telegram Bot
2025-07-17 13:21:13 | INFO | __main__:_on_startup:68 | Bot commands set successfully
2025-07-17 13:21:13 | INFO | __main__:run:95 | Starting bot polling...
2025-07-17 13:21:25 | INFO | __main__:_on_shutdown:73 | 🛑 Shutting down bot...
2025-07-17 13:21:25 | INFO | __main__:_on_shutdown:76 | Bot shutdown completed
2025-07-17 13:44:28 | INFO | __main__:_setup_logging:31 | Logging configured with level: DEBUG
2025-07-17 13:44:28 | INFO | __main__:_setup_bot_and_dispatcher:36 | Setting up bot and dispatcher...
2025-07-17 13:44:28 | INFO | __main__:_on_startup:60 | 🚀 TelegramBot started successfully!
2025-07-17 13:44:28 | INFO | __main__:_on_startup:61 | Bot description: Telegram Bot
2025-07-17 13:44:29 | INFO | __main__:_on_startup:68 | Bot commands set successfully
2025-07-17 13:44:29 | INFO | __main__:run:95 | Starting bot polling...
2025-07-17 13:46:57 | INFO | __main__:_on_shutdown:73 | 🛑 Shutting down bot...
2025-07-17 13:46:57 | INFO | __main__:_on_shutdown:76 | Bot shutdown completed
2025-07-17 13:47:01 | INFO | __main__:_setup_logging:32 | Logging configured with level: DEBUG
2025-07-17 13:47:01 | INFO | __main__:_setup_bot_and_dispatcher:37 | Setting up bot and dispatcher...
2025-07-17 13:47:02 | INFO | __main__:_on_startup:62 | 🚀 TelegramBot started successfully!
2025-07-17 13:47:02 | INFO | __main__:_on_startup:63 | Bot description: Telegram Bot
2025-07-17 13:47:02 | INFO | __main__:_on_startup:70 | Bot commands set successfully
2025-07-17 13:47:02 | INFO | __main__:run:97 | Starting bot polling...
2025-07-17 13:47:43 | INFO | __main__:_on_shutdown:75 | 🛑 Shutting down bot...
2025-07-17 13:47:43 | INFO | __main__:_on_shutdown:78 | Bot shutdown completed
2025-07-17 13:52:57 | INFO | __main__:_setup_logging:32 | Logging configured with level: DEBUG
2025-07-17 13:52:57 | INFO | __main__:_setup_bot_and_dispatcher:37 | Setting up bot and dispatcher...
2025-07-17 13:52:58 | INFO | __main__:_on_startup:62 | 🚀 TelegramBot started successfully!
2025-07-17 13:52:58 | INFO | __main__:_on_startup:63 | Bot description: Telegram Bot
2025-07-17 13:52:58 | INFO | __main__:_on_startup:70 | Bot commands set successfully
2025-07-17 13:52:58 | INFO | __main__:run:97 | Starting bot polling...
2025-07-17 13:56:44 | INFO | __main__:_on_shutdown:75 | 🛑 Shutting down bot...
2025-07-17 13:56:44 | INFO | __main__:_on_shutdown:78 | Bot shutdown completed
2025-07-17 14:05:11 | INFO | __main__:_setup_logging:32 | Logging configured with level: DEBUG
2025-07-17 14:05:11 | INFO | __main__:_setup_bot_and_dispatcher:37 | Setting up bot and dispatcher...
2025-07-17 14:05:12 | INFO | __main__:_on_startup:62 | 🚀 TelegramBot started successfully!
2025-07-17 14:05:12 | INFO | __main__:_on_startup:63 | Bot description: Telegram Bot
2025-07-17 14:05:12 | INFO | __main__:_on_startup:70 | Bot commands set successfully
2025-07-17 14:05:12 | INFO | __main__:run:97 | Starting bot polling...
2025-07-17 14:17:03 | INFO | __main__:_on_shutdown:75 | 🛑 Shutting down bot...
2025-07-17 14:17:03 | INFO | __main__:_on_shutdown:78 | Bot shutdown completed
2025-07-17 14:17:08 | INFO | __main__:_setup_logging:32 | Logging configured with level: DEBUG
2025-07-17 14:17:08 | INFO | __main__:_setup_bot_and_dispatcher:37 | Setting up bot and dispatcher...
2025-07-17 14:17:08 | INFO | __main__:_on_startup:62 | 🚀 TelegramBot started successfully!
2025-07-17 14:17:08 | INFO | __main__:_on_startup:63 | Bot description: Telegram Bot
2025-07-17 14:17:08 | INFO | __main__:_on_startup:70 | Bot commands set successfully
2025-07-17 14:17:08 | INFO | __main__:run:97 | Starting bot polling...
2025-07-17 14:18:00 | INFO | __main__:_on_shutdown:75 | 🛑 Shutting down bot...
2025-07-17 14:18:00 | INFO | __main__:_on_shutdown:78 | Bot shutdown completed
2025-07-17 14:18:04 | INFO | __main__:_setup_logging:32 | Logging configured with level: DEBUG
2025-07-17 14:18:04 | INFO | __main__:_setup_bot_and_dispatcher:37 | Setting up bot and dispatcher...
2025-07-17 14:18:04 | INFO | __main__:_on_startup:62 | 🚀 TelegramBot started successfully!
2025-07-17 14:18:04 | INFO | __main__:_on_startup:63 | Bot description: Telegram Bot
2025-07-17 14:18:04 | INFO | __main__:_on_startup:70 | Bot commands set successfully
2025-07-17 14:18:04 | INFO | __main__:run:97 | Starting bot polling...
2025-07-17 15:03:09 | INFO | __main__:_on_shutdown:75 | 🛑 Shutting down bot...
2025-07-17 15:03:09 | INFO | __main__:_on_shutdown:78 | Bot shutdown completed
2025-07-17 15:04:44 | INFO | __main__:_setup_logging:32 | Logging configured with level: DEBUG
2025-07-17 15:04:44 | INFO | __main__:_setup_bot_and_dispatcher:37 | Setting up bot and dispatcher...
2025-07-17 15:04:45 | INFO | __main__:_on_startup:62 | 🚀 TelegramBot started successfully!
2025-07-17 15:04:45 | INFO | __main__:_on_startup:63 | Bot description: Telegram Bot
2025-07-17 15:04:45 | INFO | __main__:_on_startup:70 | Bot commands set successfully
2025-07-17 15:04:45 | INFO | __main__:run:97 | Starting bot polling...
2025-07-17 15:05:27 | INFO | __main__:_on_shutdown:75 | 🛑 Shutting down bot...
2025-07-17 15:05:27 | INFO | __main__:_on_shutdown:78 | Bot shutdown completed
2025-07-17 15:05:30 | INFO | __main__:_setup_logging:32 | Logging configured with level: DEBUG
2025-07-17 15:05:30 | INFO | __main__:_setup_bot_and_dispatcher:37 | Setting up bot and dispatcher...
2025-07-17 15:05:31 | INFO | __main__:_on_startup:62 | 🚀 TelegramBot started successfully!
2025-07-17 15:05:31 | INFO | __main__:_on_startup:63 | Bot description: Telegram Bot
2025-07-17 15:05:31 | INFO | __main__:_on_startup:70 | Bot commands set successfully
2025-07-17 15:05:31 | INFO | __main__:run:97 | Starting bot polling...
2025-07-17 15:06:32 | INFO | __main__:_on_shutdown:75 | 🛑 Shutting down bot...
2025-07-17 15:06:32 | INFO | __main__:_on_shutdown:78 | Bot shutdown completed
2025-07-17 15:06:37 | INFO | __main__:_setup_logging:32 | Logging configured with level: DEBUG
2025-07-17 15:06:37 | INFO | __main__:_setup_bot_and_dispatcher:37 | Setting up bot and dispatcher...
2025-07-17 15:06:37 | INFO | __main__:_on_startup:62 | 🚀 TelegramBot started successfully!
2025-07-17 15:06:37 | INFO | __main__:_on_startup:63 | Bot description: Telegram Bot
2025-07-17 15:06:38 | INFO | __main__:_on_startup:70 | Bot commands set successfully
2025-07-17 15:06:38 | INFO | __main__:run:97 | Starting bot polling...
2025-07-17 15:06:59 | INFO | __main__:_on_shutdown:75 | 🛑 Shutting down bot...
2025-07-17 15:06:59 | INFO | __main__:_on_shutdown:78 | Bot shutdown completed
2025-07-17 15:07:03 | INFO | __main__:_setup_logging:32 | Logging configured with level: DEBUG
2025-07-17 15:07:03 | INFO | __main__:_setup_bot_and_dispatcher:37 | Setting up bot and dispatcher...
2025-07-17 15:07:03 | INFO | __main__:_on_startup:62 | 🚀 TelegramBot started successfully!
2025-07-17 15:07:03 | INFO | __main__:_on_startup:63 | Bot description: Telegram Bot
2025-07-17 15:07:04 | INFO | __main__:_on_startup:70 | Bot commands set successfully
2025-07-17 15:07:04 | INFO | __main__:run:97 | Starting bot polling...
2025-07-17 15:09:48 | INFO | __main__:_on_shutdown:75 | 🛑 Shutting down bot...
2025-07-17 15:09:48 | INFO | __main__:_on_shutdown:78 | Bot shutdown completed
2025-07-17 15:09:52 | INFO | __main__:_setup_logging:32 | Logging configured with level: DEBUG
2025-07-17 15:09:52 | INFO | __main__:_setup_bot_and_dispatcher:37 | Setting up bot and dispatcher...
2025-07-17 15:09:52 | INFO | __main__:_on_startup:62 | 🚀 TelegramBot started successfully!
2025-07-17 15:09:52 | INFO | __main__:_on_startup:63 | Bot description: Telegram Bot
2025-07-17 15:09:53 | INFO | __main__:_on_startup:70 | Bot commands set successfully
2025-07-17 15:09:53 | INFO | __main__:run:97 | Starting bot polling...
2025-07-17 15:10:06 | INFO | __main__:_on_shutdown:75 | 🛑 Shutting down bot...
2025-07-17 15:10:06 | INFO | __main__:_on_shutdown:78 | Bot shutdown completed
2025-07-17 15:13:28 | INFO | __main__:_setup_logging:32 | Logging configured with level: DEBUG
2025-07-17 15:13:28 | INFO | __main__:_setup_bot_and_dispatcher:37 | Setting up bot and dispatcher...
2025-07-17 15:13:29 | INFO | __main__:_on_startup:62 | 🚀 TelegramBot started successfully!
2025-07-17 15:13:29 | INFO | __main__:_on_startup:63 | Bot description: Telegram Bot
2025-07-17 15:13:29 | INFO | __main__:_on_startup:70 | Bot commands set successfully
2025-07-17 15:13:29 | INFO | __main__:run:97 | Starting bot polling...
2025-07-17 15:15:51 | INFO | __main__:_on_shutdown:75 | 🛑 Shutting down bot...
2025-07-17 15:15:51 | INFO | __main__:_on_shutdown:78 | Bot shutdown completed
2025-07-17 15:15:55 | INFO | __main__:_setup_logging:32 | Logging configured with level: DEBUG
2025-07-17 15:15:55 | INFO | __main__:_setup_bot_and_dispatcher:37 | Setting up bot and dispatcher...
2025-07-17 15:15:56 | INFO | __main__:_on_startup:62 | 🚀 TelegramBot started successfully!
2025-07-17 15:15:56 | INFO | __main__:_on_startup:63 | Bot description: Telegram Bot
2025-07-17 15:15:56 | INFO | __main__:_on_startup:70 | Bot commands set successfully
2025-07-17 15:15:56 | INFO | __main__:run:97 | Starting bot polling...
2025-07-17 15:16:34 | INFO | __main__:_on_shutdown:75 | 🛑 Shutting down bot...
2025-07-17 15:16:34 | INFO | __main__:_on_shutdown:78 | Bot shutdown completed
2025-07-17 15:16:38 | INFO | __main__:_setup_logging:32 | Logging configured with level: DEBUG
2025-07-17 15:16:38 | INFO | __main__:_setup_bot_and_dispatcher:37 | Setting up bot and dispatcher...
2025-07-17 15:16:38 | INFO | __main__:_on_startup:62 | 🚀 TelegramBot started successfully!
2025-07-17 15:16:38 | INFO | __main__:_on_startup:63 | Bot description: Telegram Bot
2025-07-17 15:16:38 | INFO | __main__:_on_startup:70 | Bot commands set successfully
2025-07-17 15:16:38 | INFO | __main__:run:97 | Starting bot polling...
2025-07-17 15:17:17 | INFO | __main__:_on_shutdown:75 | 🛑 Shutting down bot...
2025-07-17 15:17:17 | INFO | __main__:_on_shutdown:78 | Bot shutdown completed
2025-07-17 15:17:21 | INFO | __main__:_setup_logging:32 | Logging configured with level: DEBUG
2025-07-17 15:17:21 | INFO | __main__:_setup_bot_and_dispatcher:37 | Setting up bot and dispatcher...
2025-07-17 15:17:21 | INFO | __main__:_on_startup:62 | 🚀 TelegramBot started successfully!
2025-07-17 15:17:21 | INFO | __main__:_on_startup:63 | Bot description: Telegram Bot
2025-07-17 15:17:22 | INFO | __main__:_on_startup:70 | Bot commands set successfully
2025-07-17 15:17:22 | INFO | __main__:run:97 | Starting bot polling...
2025-07-17 15:18:39 | INFO | __main__:_on_shutdown:75 | 🛑 Shutting down bot...
2025-07-17 15:18:39 | INFO | __main__:_on_shutdown:78 | Bot shutdown completed
2025-07-17 15:18:43 | INFO | __main__:_setup_logging:32 | Logging configured with level: DEBUG
2025-07-17 15:18:43 | INFO | __main__:_setup_bot_and_dispatcher:37 | Setting up bot and dispatcher...
2025-07-17 15:18:43 | INFO | __main__:_on_startup:62 | 🚀 TelegramBot started successfully!
2025-07-17 15:18:43 | INFO | __main__:_on_startup:63 | Bot description: Telegram Bot
2025-07-17 15:18:43 | INFO | __main__:_on_startup:70 | Bot commands set successfully
2025-07-17 15:18:43 | INFO | __main__:run:97 | Starting bot polling...
2025-07-17 15:18:54 | INFO | __main__:_on_shutdown:75 | 🛑 Shutting down bot...
2025-07-17 15:18:54 | INFO | __main__:_on_shutdown:78 | Bot shutdown completed
2025-07-17 15:19:35 | INFO | __main__:_setup_logging:32 | Logging configured with level: DEBUG
2025-07-17 15:19:35 | INFO | __main__:_setup_bot_and_dispatcher:37 | Setting up bot and dispatcher...
2025-07-17 15:19:35 | INFO | __main__:_on_startup:62 | 🚀 TelegramBot started successfully!
2025-07-17 15:19:35 | INFO | __main__:_on_startup:63 | Bot description: Telegram Bot
2025-07-17 15:19:35 | INFO | __main__:_on_startup:70 | Bot commands set successfully
2025-07-17 15:19:35 | INFO | __main__:run:97 | Starting bot polling...
2025-07-17 15:26:47 | INFO | __main__:_on_shutdown:75 | 🛑 Shutting down bot...
2025-07-17 15:26:47 | INFO | __main__:_on_shutdown:78 | Bot shutdown completed
2025-07-17 15:26:51 | INFO | __main__:_setup_logging:32 | Logging configured with level: DEBUG
2025-07-17 15:26:51 | INFO | __main__:_setup_bot_and_dispatcher:37 | Setting up bot and dispatcher...
2025-07-17 15:26:51 | INFO | __main__:_on_startup:62 | 🚀 TelegramBot started successfully!
2025-07-17 15:26:51 | INFO | __main__:_on_startup:63 | Bot description: Telegram Bot
2025-07-17 15:26:53 | INFO | __main__:_on_startup:70 | Bot commands set successfully
2025-07-17 15:26:53 | INFO | __main__:run:97 | Starting bot polling...
2025-07-17 15:28:50 | INFO | __main__:_on_shutdown:75 | 🛑 Shutting down bot...
2025-07-17 15:28:50 | INFO | __main__:_on_shutdown:78 | Bot shutdown completed
2025-07-17 15:28:54 | INFO | __main__:_setup_logging:32 | Logging configured with level: DEBUG
2025-07-17 15:28:54 | INFO | __main__:_setup_bot_and_dispatcher:37 | Setting up bot and dispatcher...
2025-07-17 15:28:54 | INFO | __main__:_on_startup:62 | 🚀 TelegramBot started successfully!
2025-07-17 15:28:54 | INFO | __main__:_on_startup:63 | Bot description: Telegram Bot
2025-07-17 15:28:54 | INFO | __main__:_on_startup:70 | Bot commands set successfully
2025-07-17 15:28:54 | INFO | __main__:run:97 | Starting bot polling...
2025-07-17 15:29:34 | INFO | __main__:_on_shutdown:75 | 🛑 Shutting down bot...
2025-07-17 15:29:34 | INFO | __main__:_on_shutdown:78 | Bot shutdown completed
2025-07-17 15:29:39 | INFO | __main__:_setup_logging:32 | Logging configured with level: DEBUG
2025-07-17 15:29:39 | INFO | __main__:_setup_bot_and_dispatcher:37 | Setting up bot and dispatcher...
2025-07-17 15:29:39 | INFO | __main__:_on_startup:62 | 🚀 TelegramBot started successfully!
2025-07-17 15:29:39 | INFO | __main__:_on_startup:63 | Bot description: Telegram Bot
2025-07-17 15:29:39 | INFO | __main__:_on_startup:70 | Bot commands set successfully
2025-07-17 15:29:39 | INFO | __main__:run:97 | Starting bot polling...
2025-07-17 15:30:40 | INFO | __main__:_on_shutdown:75 | 🛑 Shutting down bot...
2025-07-17 15:30:40 | INFO | __main__:_on_shutdown:78 | Bot shutdown completed
2025-07-18 11:31:48 | INFO | __main__:_setup_logging:32 | Logging configured with level: DEBUG
2025-07-18 11:31:48 | INFO | __main__:_setup_bot_and_dispatcher:37 | Setting up bot and dispatcher...
2025-07-18 11:31:48 | INFO | __main__:_on_startup:62 | 🚀 TelegramBot started successfully!
2025-07-18 11:31:48 | INFO | __main__:_on_startup:63 | Bot description: Telegram Bot
2025-07-18 11:31:49 | INFO | __main__:_on_startup:70 | Bot commands set successfully
2025-07-18 11:31:49 | INFO | __main__:run:97 | Starting bot polling...
2025-07-18 11:32:52 | INFO | __main__:_on_shutdown:75 | 🛑 Shutting down bot...
2025-07-18 11:32:52 | INFO | __main__:_on_shutdown:78 | Bot shutdown completed
2025-07-18 11:44:07 | INFO | __main__:_setup_logging:32 | Logging configured with level: DEBUG
2025-07-18 11:44:07 | INFO | __main__:_setup_bot_and_dispatcher:37 | Setting up bot and dispatcher...
2025-07-18 11:44:08 | INFO | __main__:_on_startup:62 | 🚀 TelegramBot started successfully!
2025-07-18 11:44:08 | INFO | __main__:_on_startup:63 | Bot description: Telegram Bot
2025-07-18 11:44:08 | INFO | __main__:_on_startup:70 | Bot commands set successfully
2025-07-18 11:44:08 | INFO | __main__:run:97 | Starting bot polling...
2025-07-18 11:45:21 | INFO | __main__:_on_shutdown:75 | 🛑 Shutting down bot...
2025-07-18 11:45:21 | INFO | __main__:_on_shutdown:78 | Bot shutdown completed
2025-07-18 11:45:26 | INFO | __main__:_setup_logging:32 | Logging configured with level: DEBUG
2025-07-18 11:45:26 | INFO | __main__:_setup_bot_and_dispatcher:37 | Setting up bot and dispatcher...
2025-07-18 11:45:26 | INFO | __main__:_on_startup:62 | 🚀 TelegramBot started successfully!
2025-07-18 11:45:26 | INFO | __main__:_on_startup:63 | Bot description: Telegram Bot
2025-07-18 11:45:26 | INFO | __main__:_on_startup:70 | Bot commands set successfully
2025-07-18 11:45:26 | INFO | __main__:run:97 | Starting bot polling...
2025-07-18 11:45:53 | INFO | __main__:_on_shutdown:75 | 🛑 Shutting down bot...
2025-07-18 11:45:53 | INFO | __main__:_on_shutdown:78 | Bot shutdown completed
2025-07-18 11:45:57 | INFO | __main__:_setup_logging:32 | Logging configured with level: DEBUG
2025-07-18 11:45:57 | INFO | __main__:_setup_bot_and_dispatcher:37 | Setting up bot and dispatcher...
2025-07-18 11:45:57 | INFO | __main__:_on_startup:62 | 🚀 TelegramBot started successfully!
2025-07-18 11:45:57 | INFO | __main__:_on_startup:63 | Bot description: Telegram Bot
2025-07-18 11:45:58 | INFO | __main__:_on_startup:70 | Bot commands set successfully
2025-07-18 11:45:58 | INFO | __main__:run:97 | Starting bot polling...
2025-07-18 11:46:34 | INFO | __main__:_on_shutdown:75 | 🛑 Shutting down bot...
2025-07-18 11:46:34 | INFO | __main__:_on_shutdown:78 | Bot shutdown completed
2025-07-18 11:46:49 | INFO | __main__:_setup_logging:32 | Logging configured with level: DEBUG
2025-07-18 11:46:49 | INFO | __main__:_setup_bot_and_dispatcher:37 | Setting up bot and dispatcher...
2025-07-18 11:46:49 | INFO | __main__:_on_startup:62 | 🚀 TelegramBot started successfully!
2025-07-18 11:46:49 | INFO | __main__:_on_startup:63 | Bot description: Telegram Bot
2025-07-18 11:46:50 | INFO | __main__:_on_startup:70 | Bot commands set successfully
2025-07-18 11:46:50 | INFO | __main__:run:97 | Starting bot polling...
2025-07-18 11:54:49 | INFO | __main__:_on_shutdown:75 | 🛑 Shutting down bot...
2025-07-18 11:54:49 | INFO | __main__:_on_shutdown:78 | Bot shutdown completed
2025-07-18 11:56:12 | INFO | __main__:_setup_logging:32 | Logging configured with level: DEBUG
2025-07-18 11:56:12 | INFO | __main__:_setup_bot_and_dispatcher:37 | Setting up bot and dispatcher...
2025-07-18 11:56:12 | INFO | __main__:_on_startup:62 | 🚀 TelegramBot started successfully!
2025-07-18 11:56:12 | INFO | __main__:_on_startup:63 | Bot description: Telegram Bot
2025-07-18 11:56:12 | INFO | __main__:_on_startup:70 | Bot commands set successfully
2025-07-18 11:56:12 | INFO | __main__:run:97 | Starting bot polling...
2025-07-18 11:56:35 | INFO | __main__:_on_shutdown:75 | 🛑 Shutting down bot...
2025-07-18 11:56:35 | INFO | __main__:_on_shutdown:78 | Bot shutdown completed
2025-07-18 11:59:26 | INFO | __main__:_setup_logging:32 | Logging configured with level: DEBUG
2025-07-18 11:59:26 | INFO | __main__:_setup_bot_and_dispatcher:37 | Setting up bot and dispatcher...
2025-07-18 11:59:27 | INFO | __main__:_on_startup:62 | 🚀 TelegramBot started successfully!
2025-07-18 11:59:27 | INFO | __main__:_on_startup:63 | Bot description: Telegram Bot
2025-07-18 11:59:27 | INFO | __main__:_on_startup:70 | Bot commands set successfully
2025-07-18 11:59:27 | INFO | __main__:run:97 | Starting bot polling...
2025-07-18 12:14:01 | INFO | __main__:_on_shutdown:75 | 🛑 Shutting down bot...
2025-07-18 12:14:01 | INFO | __main__:_on_shutdown:78 | Bot shutdown completed
2025-07-18 12:19:58 | INFO | __main__:_setup_logging:32 | Logging configured with level: DEBUG
2025-07-18 12:19:58 | INFO | __main__:_setup_bot_and_dispatcher:37 | Setting up bot and dispatcher...
2025-07-18 12:19:59 | INFO | __main__:_on_startup:62 | 🚀 TelegramBot started successfully!
2025-07-18 12:19:59 | INFO | __main__:_on_startup:63 | Bot description: Telegram Bot
2025-07-18 12:19:59 | INFO | __main__:_on_startup:70 | Bot commands set successfully
2025-07-18 12:19:59 | INFO | __main__:run:97 | Starting bot polling...
2025-07-18 12:21:36 | INFO | __main__:_on_shutdown:75 | 🛑 Shutting down bot...
2025-07-18 12:21:36 | INFO | __main__:_on_shutdown:78 | Bot shutdown completed
