2025-07-23 17:55:55 | INFO | __main__:_on_shutdown:111 | 🛑 Shutting down bot...
2025-07-23 17:55:55 | INFO | __main__:_on_shutdown:114 | Bot shutdown completed
2025-07-23 18:10:23 | INFO | __main__:_setup_logging:46 | Logging configured with level: DEBUG
2025-07-23 18:10:23 | INFO | __main__:_setup_bot_and_dispatcher:65 | Setting up bot and dispatcher...
2025-07-23 18:10:24 | INFO | __main__:_on_startup:98 | 🚀 TelegramBot started successfully!
2025-07-23 18:10:24 | INFO | __main__:_on_startup:99 | Bot description: Telegram Bot
2025-07-23 18:10:24 | INFO | __main__:_on_startup:106 | Bot commands set successfully
2025-07-23 18:10:24 | INFO | __main__:run:136 | Starting bot polling...
2025-07-23 18:11:25 | INFO | __main__:_on_shutdown:111 | 🛑 Shutting down bot...
2025-07-23 18:11:25 | INFO | __main__:_on_shutdown:114 | Bot shutdown completed
2025-07-23 18:14:54 | INFO | __main__:_setup_logging:46 | Logging configured with level: DEBUG
2025-07-23 18:14:54 | INFO | __main__:_setup_bot_and_dispatcher:65 | Setting up bot and dispatcher...
2025-07-23 18:14:54 | INFO | __main__:_on_startup:98 | 🚀 TelegramBot started successfully!
2025-07-23 18:14:54 | INFO | __main__:_on_startup:99 | Bot description: Telegram Bot
2025-07-23 18:14:55 | INFO | __main__:_on_startup:106 | Bot commands set successfully
2025-07-23 18:14:55 | INFO | __main__:run:136 | Starting bot polling...
2025-07-23 18:16:31 | INFO | __main__:_on_shutdown:111 | 🛑 Shutting down bot...
2025-07-23 18:16:31 | INFO | __main__:_on_shutdown:114 | Bot shutdown completed
2025-07-23 18:16:36 | INFO | __main__:_setup_logging:46 | Logging configured with level: DEBUG
2025-07-23 18:16:36 | INFO | __main__:_setup_bot_and_dispatcher:65 | Setting up bot and dispatcher...
2025-07-23 18:16:36 | INFO | __main__:_on_startup:98 | 🚀 TelegramBot started successfully!
2025-07-23 18:16:36 | INFO | __main__:_on_startup:99 | Bot description: Telegram Bot
2025-07-23 18:16:37 | INFO | __main__:_on_startup:106 | Bot commands set successfully
2025-07-23 18:16:37 | INFO | __main__:run:136 | Starting bot polling...
2025-07-23 18:18:06 | INFO | __main__:_on_shutdown:111 | 🛑 Shutting down bot...
2025-07-23 18:18:06 | INFO | __main__:_on_shutdown:114 | Bot shutdown completed
2025-07-23 18:18:11 | INFO | __main__:_setup_logging:46 | Logging configured with level: DEBUG
2025-07-23 18:18:11 | INFO | __main__:_setup_bot_and_dispatcher:65 | Setting up bot and dispatcher...
2025-07-23 18:18:12 | INFO | __main__:_on_startup:98 | 🚀 TelegramBot started successfully!
2025-07-23 18:18:12 | INFO | __main__:_on_startup:99 | Bot description: Telegram Bot
2025-07-23 18:18:12 | INFO | __main__:_on_startup:106 | Bot commands set successfully
2025-07-23 18:18:12 | INFO | __main__:run:136 | Starting bot polling...
2025-07-23 18:20:49 | INFO | __main__:_on_shutdown:111 | 🛑 Shutting down bot...
2025-07-23 18:20:49 | INFO | __main__:_on_shutdown:114 | Bot shutdown completed
2025-07-23 21:09:47 | INFO | __main__:_setup_logging:46 | Logging configured with level: DEBUG
2025-07-23 21:09:47 | INFO | __main__:_setup_bot_and_dispatcher:65 | Setting up bot and dispatcher...
2025-07-23 21:09:48 | INFO | __main__:_on_startup:98 | 🚀 TelegramBot started successfully!
2025-07-23 21:09:48 | INFO | __main__:_on_startup:99 | Bot description: Telegram Bot
2025-07-23 21:09:48 | INFO | __main__:_on_startup:106 | Bot commands set successfully
2025-07-23 21:09:48 | INFO | __main__:run:136 | Starting bot polling...
2025-07-23 21:10:08 | INFO | __main__:_on_shutdown:111 | 🛑 Shutting down bot...
2025-07-23 21:10:08 | INFO | __main__:_on_shutdown:114 | Bot shutdown completed
2025-07-23 21:11:17 | INFO | __main__:_setup_logging:46 | Logging configured with level: DEBUG
2025-07-23 21:11:17 | INFO | __main__:_setup_bot_and_dispatcher:65 | Setting up bot and dispatcher...
2025-07-23 21:11:17 | INFO | __main__:_on_startup:98 | 🚀 TelegramBot started successfully!
2025-07-23 21:11:17 | INFO | __main__:_on_startup:99 | Bot description: Telegram Bot
2025-07-23 21:11:17 | INFO | __main__:_on_startup:106 | Bot commands set successfully
2025-07-23 21:11:17 | INFO | __main__:run:136 | Starting bot polling...
2025-07-23 21:13:34 | INFO | __main__:_on_shutdown:111 | 🛑 Shutting down bot...
2025-07-23 21:13:34 | INFO | __main__:_on_shutdown:114 | Bot shutdown completed
2025-07-23 21:32:35 | INFO | __main__:_setup_logging:46 | Logging configured with level: DEBUG
2025-07-23 21:32:35 | INFO | __main__:_setup_bot_and_dispatcher:65 | Setting up bot and dispatcher...
2025-07-23 21:32:35 | INFO | __main__:_on_startup:98 | 🚀 TelegramBot started successfully!
2025-07-23 21:32:35 | INFO | __main__:_on_startup:99 | Bot description: Telegram Bot
2025-07-23 21:32:35 | INFO | __main__:_on_startup:106 | Bot commands set successfully
2025-07-23 21:32:35 | INFO | __main__:run:136 | Starting bot polling...
2025-07-23 21:34:16 | INFO | __main__:_on_shutdown:111 | 🛑 Shutting down bot...
2025-07-23 21:34:16 | INFO | __main__:_on_shutdown:114 | Bot shutdown completed
2025-07-23 21:34:20 | INFO | __main__:_setup_logging:46 | Logging configured with level: DEBUG
2025-07-23 21:34:20 | INFO | __main__:_setup_bot_and_dispatcher:65 | Setting up bot and dispatcher...
2025-07-23 21:34:20 | INFO | __main__:_on_startup:98 | 🚀 TelegramBot started successfully!
2025-07-23 21:34:20 | INFO | __main__:_on_startup:99 | Bot description: Telegram Bot
2025-07-23 21:34:21 | INFO | __main__:_on_startup:106 | Bot commands set successfully
2025-07-23 21:34:21 | INFO | __main__:run:136 | Starting bot polling...
2025-07-23 21:39:07 | INFO | __main__:_on_shutdown:111 | 🛑 Shutting down bot...
2025-07-23 21:39:07 | INFO | __main__:_on_shutdown:114 | Bot shutdown completed
2025-07-23 21:39:13 | INFO | __main__:_setup_logging:46 | Logging configured with level: DEBUG
2025-07-23 21:39:13 | INFO | __main__:_setup_bot_and_dispatcher:65 | Setting up bot and dispatcher...
2025-07-23 21:39:13 | INFO | __main__:_on_startup:98 | 🚀 TelegramBot started successfully!
2025-07-23 21:39:13 | INFO | __main__:_on_startup:99 | Bot description: Telegram Bot
2025-07-23 21:39:14 | INFO | __main__:_on_startup:106 | Bot commands set successfully
2025-07-23 21:39:14 | INFO | __main__:run:136 | Starting bot polling...
2025-07-23 21:40:02 | INFO | __main__:_on_shutdown:111 | 🛑 Shutting down bot...
2025-07-23 21:40:02 | INFO | __main__:_on_shutdown:114 | Bot shutdown completed
2025-07-24 15:57:18 | INFO | __main__:_setup_logging:46 | Logging configured with level: DEBUG
2025-07-24 15:57:18 | INFO | __main__:_setup_bot_and_dispatcher:65 | Setting up bot and dispatcher...
2025-07-24 15:57:18 | INFO | __main__:_on_startup:98 | 🚀 TelegramBot started successfully!
2025-07-24 15:57:18 | INFO | __main__:_on_startup:99 | Bot description: Telegram Bot
2025-07-24 15:57:19 | INFO | __main__:_on_startup:106 | Bot commands set successfully
2025-07-24 15:57:19 | INFO | __main__:run:136 | Starting bot polling...
2025-07-24 16:14:58 | INFO | __main__:_on_shutdown:111 | 🛑 Shutting down bot...
2025-07-24 16:14:58 | INFO | __main__:_on_shutdown:114 | Bot shutdown completed
2025-07-24 16:17:48 | INFO | __main__:_setup_logging:46 | Logging configured with level: DEBUG
2025-07-24 16:17:48 | INFO | __main__:_setup_bot_and_dispatcher:65 | Setting up bot and dispatcher...
2025-07-24 16:17:48 | INFO | __main__:_on_startup:98 | 🚀 TelegramBot started successfully!
2025-07-24 16:17:48 | INFO | __main__:_on_startup:99 | Bot description: Telegram Bot
2025-07-24 16:17:48 | INFO | __main__:_on_startup:106 | Bot commands set successfully
2025-07-24 16:17:48 | INFO | __main__:run:136 | Starting bot polling...
2025-07-24 16:20:21 | INFO | __main__:_on_shutdown:111 | 🛑 Shutting down bot...
2025-07-24 16:20:21 | INFO | __main__:_on_shutdown:114 | Bot shutdown completed
2025-07-24 16:20:26 | INFO | __main__:_setup_logging:46 | Logging configured with level: DEBUG
2025-07-24 16:20:26 | INFO | __main__:_setup_bot_and_dispatcher:65 | Setting up bot and dispatcher...
2025-07-24 16:20:26 | INFO | __main__:_on_startup:98 | 🚀 TelegramBot started successfully!
2025-07-24 16:20:26 | INFO | __main__:_on_startup:99 | Bot description: Telegram Bot
2025-07-24 16:20:27 | INFO | __main__:_on_startup:106 | Bot commands set successfully
2025-07-24 16:20:27 | INFO | __main__:run:136 | Starting bot polling...
2025-07-24 16:22:46 | INFO | __main__:_on_shutdown:111 | 🛑 Shutting down bot...
2025-07-24 16:22:46 | INFO | __main__:_on_shutdown:114 | Bot shutdown completed
2025-07-24 16:22:52 | INFO | __main__:_setup_logging:46 | Logging configured with level: DEBUG
2025-07-24 16:22:52 | INFO | __main__:_setup_bot_and_dispatcher:65 | Setting up bot and dispatcher...
2025-07-24 16:22:52 | INFO | __main__:_on_startup:98 | 🚀 TelegramBot started successfully!
2025-07-24 16:22:52 | INFO | __main__:_on_startup:99 | Bot description: Telegram Bot
2025-07-24 16:22:52 | INFO | __main__:_on_startup:106 | Bot commands set successfully
2025-07-24 16:22:52 | INFO | __main__:run:136 | Starting bot polling...
2025-07-24 16:24:04 | INFO | __main__:_on_shutdown:111 | 🛑 Shutting down bot...
2025-07-24 16:24:04 | INFO | __main__:_on_shutdown:114 | Bot shutdown completed
2025-07-24 16:24:08 | INFO | __main__:_setup_logging:46 | Logging configured with level: DEBUG
2025-07-24 16:24:08 | INFO | __main__:_setup_bot_and_dispatcher:65 | Setting up bot and dispatcher...
2025-07-24 16:24:09 | INFO | __main__:_on_startup:98 | 🚀 TelegramBot started successfully!
2025-07-24 16:24:09 | INFO | __main__:_on_startup:99 | Bot description: Telegram Bot
2025-07-24 16:24:09 | INFO | __main__:_on_startup:106 | Bot commands set successfully
2025-07-24 16:24:09 | INFO | __main__:run:136 | Starting bot polling...
2025-07-24 16:27:56 | INFO | __main__:_on_shutdown:111 | 🛑 Shutting down bot...
2025-07-24 16:27:56 | INFO | __main__:_on_shutdown:114 | Bot shutdown completed
2025-07-24 16:28:31 | INFO | __main__:_setup_logging:46 | Logging configured with level: DEBUG
2025-07-24 16:28:31 | INFO | __main__:_setup_bot_and_dispatcher:65 | Setting up bot and dispatcher...
2025-07-24 16:28:31 | INFO | __main__:_on_startup:98 | 🚀 TelegramBot started successfully!
2025-07-24 16:28:31 | INFO | __main__:_on_startup:99 | Bot description: Telegram Bot
2025-07-24 16:28:31 | INFO | __main__:_on_startup:106 | Bot commands set successfully
2025-07-24 16:28:31 | INFO | __main__:run:136 | Starting bot polling...
2025-07-24 16:30:57 | INFO | __main__:_on_shutdown:111 | 🛑 Shutting down bot...
2025-07-24 16:30:57 | INFO | __main__:_on_shutdown:114 | Bot shutdown completed
2025-07-24 16:40:04 | INFO | __main__:_setup_logging:46 | Logging configured with level: DEBUG
2025-07-24 16:40:04 | INFO | __main__:_setup_bot_and_dispatcher:65 | Setting up bot and dispatcher...
2025-07-24 16:40:04 | INFO | __main__:_on_startup:98 | 🚀 TelegramBot started successfully!
2025-07-24 16:40:04 | INFO | __main__:_on_startup:99 | Bot description: Telegram Bot
2025-07-24 16:40:04 | INFO | __main__:_on_startup:106 | Bot commands set successfully
2025-07-24 16:40:04 | INFO | __main__:run:136 | Starting bot polling...
2025-07-24 16:41:47 | INFO | __main__:_on_shutdown:111 | 🛑 Shutting down bot...
2025-07-24 16:41:47 | INFO | __main__:_on_shutdown:114 | Bot shutdown completed
2025-07-24 16:46:36 | INFO | __main__:_setup_logging:46 | Logging configured with level: DEBUG
2025-07-24 16:46:36 | INFO | __main__:_setup_bot_and_dispatcher:65 | Setting up bot and dispatcher...
2025-07-24 16:46:37 | INFO | __main__:_on_startup:98 | 🚀 TelegramBot started successfully!
2025-07-24 16:46:37 | INFO | __main__:_on_startup:99 | Bot description: Telegram Bot
2025-07-24 16:46:37 | INFO | __main__:_on_startup:106 | Bot commands set successfully
2025-07-24 16:46:37 | INFO | __main__:run:136 | Starting bot polling...
2025-07-24 16:47:28 | INFO | __main__:_on_shutdown:111 | 🛑 Shutting down bot...
2025-07-24 16:47:28 | INFO | __main__:_on_shutdown:114 | Bot shutdown completed
2025-07-24 16:48:29 | INFO | __main__:_setup_logging:46 | Logging configured with level: DEBUG
2025-07-24 16:48:29 | INFO | __main__:_setup_bot_and_dispatcher:65 | Setting up bot and dispatcher...
2025-07-24 16:48:29 | INFO | __main__:_on_startup:98 | 🚀 TelegramBot started successfully!
2025-07-24 16:48:29 | INFO | __main__:_on_startup:99 | Bot description: Telegram Bot
2025-07-24 16:48:29 | INFO | __main__:_on_startup:106 | Bot commands set successfully
2025-07-24 16:48:29 | INFO | __main__:run:136 | Starting bot polling...
2025-07-24 16:49:37 | INFO | __main__:_on_shutdown:111 | 🛑 Shutting down bot...
2025-07-24 16:49:37 | INFO | __main__:_on_shutdown:114 | Bot shutdown completed
2025-07-24 16:56:01 | INFO | __main__:_setup_logging:46 | Logging configured with level: DEBUG
2025-07-24 16:56:01 | INFO | __main__:_setup_bot_and_dispatcher:65 | Setting up bot and dispatcher...
2025-07-24 16:56:01 | INFO | __main__:_on_startup:98 | 🚀 TelegramBot started successfully!
2025-07-24 16:56:01 | INFO | __main__:_on_startup:99 | Bot description: Telegram Bot
2025-07-24 16:56:01 | INFO | __main__:_on_startup:106 | Bot commands set successfully
2025-07-24 16:56:01 | INFO | __main__:run:136 | Starting bot polling...
2025-07-24 16:56:51 | INFO | __main__:_on_shutdown:111 | 🛑 Shutting down bot...
2025-07-24 16:56:51 | INFO | __main__:_on_shutdown:114 | Bot shutdown completed
2025-07-24 17:09:01 | INFO | __main__:_setup_logging:46 | Logging configured with level: DEBUG
2025-07-24 17:09:01 | INFO | __main__:_setup_bot_and_dispatcher:65 | Setting up bot and dispatcher...
2025-07-24 17:09:02 | INFO | __main__:_on_startup:98 | 🚀 TelegramBot started successfully!
2025-07-24 17:09:02 | INFO | __main__:_on_startup:99 | Bot description: Telegram Bot
2025-07-24 17:09:02 | INFO | __main__:_on_startup:106 | Bot commands set successfully
2025-07-24 17:09:02 | INFO | __main__:run:136 | Starting bot polling...
2025-07-24 17:11:02 | INFO | __main__:_on_shutdown:111 | 🛑 Shutting down bot...
2025-07-24 17:11:02 | INFO | __main__:_on_shutdown:114 | Bot shutdown completed
2025-07-24 17:22:10 | INFO | __main__:_setup_logging:46 | Logging configured with level: DEBUG
2025-07-24 17:22:10 | INFO | __main__:_setup_bot_and_dispatcher:65 | Setting up bot and dispatcher...
2025-07-24 17:22:10 | INFO | __main__:_on_startup:98 | 🚀 TelegramBot started successfully!
2025-07-24 17:22:10 | INFO | __main__:_on_startup:99 | Bot description: Telegram Bot
2025-07-24 17:22:10 | INFO | __main__:_on_startup:106 | Bot commands set successfully
2025-07-24 17:22:10 | INFO | __main__:run:136 | Starting bot polling...
2025-07-24 17:22:48 | INFO | __main__:_on_shutdown:111 | 🛑 Shutting down bot...
2025-07-24 17:22:48 | INFO | __main__:_on_shutdown:114 | Bot shutdown completed
2025-07-24 17:22:53 | INFO | __main__:_setup_logging:46 | Logging configured with level: DEBUG
2025-07-24 17:22:53 | INFO | __main__:_setup_bot_and_dispatcher:65 | Setting up bot and dispatcher...
2025-07-24 17:22:53 | INFO | __main__:_on_startup:98 | 🚀 TelegramBot started successfully!
2025-07-24 17:22:53 | INFO | __main__:_on_startup:99 | Bot description: Telegram Bot
2025-07-24 17:22:53 | INFO | __main__:_on_startup:106 | Bot commands set successfully
2025-07-24 17:22:53 | INFO | __main__:run:136 | Starting bot polling...
2025-07-24 17:25:23 | INFO | __main__:_on_shutdown:111 | 🛑 Shutting down bot...
2025-07-24 17:25:23 | INFO | __main__:_on_shutdown:114 | Bot shutdown completed
2025-07-24 17:25:28 | INFO | __main__:_setup_logging:46 | Logging configured with level: DEBUG
2025-07-24 17:25:28 | INFO | __main__:_setup_bot_and_dispatcher:65 | Setting up bot and dispatcher...
2025-07-24 17:25:29 | INFO | __main__:_on_startup:98 | 🚀 TelegramBot started successfully!
2025-07-24 17:25:29 | INFO | __main__:_on_startup:99 | Bot description: Telegram Bot
2025-07-24 17:25:29 | INFO | __main__:_on_startup:106 | Bot commands set successfully
2025-07-24 17:25:29 | INFO | __main__:run:136 | Starting bot polling...
2025-07-24 17:26:18 | INFO | __main__:_on_shutdown:111 | 🛑 Shutting down bot...
2025-07-24 17:26:18 | INFO | __main__:_on_shutdown:114 | Bot shutdown completed
2025-07-24 17:26:23 | INFO | __main__:_setup_logging:46 | Logging configured with level: DEBUG
2025-07-24 17:26:23 | INFO | __main__:_setup_bot_and_dispatcher:65 | Setting up bot and dispatcher...
2025-07-24 17:26:23 | INFO | __main__:_on_startup:98 | 🚀 TelegramBot started successfully!
2025-07-24 17:26:23 | INFO | __main__:_on_startup:99 | Bot description: Telegram Bot
2025-07-24 17:26:23 | INFO | __main__:_on_startup:106 | Bot commands set successfully
2025-07-24 17:26:23 | INFO | __main__:run:136 | Starting bot polling...
2025-07-24 17:27:48 | INFO | __main__:_on_shutdown:111 | 🛑 Shutting down bot...
2025-07-24 17:27:48 | INFO | __main__:_on_shutdown:114 | Bot shutdown completed
2025-07-24 17:27:52 | INFO | __main__:_setup_logging:46 | Logging configured with level: DEBUG
2025-07-24 17:27:52 | INFO | __main__:_setup_bot_and_dispatcher:65 | Setting up bot and dispatcher...
2025-07-24 17:27:53 | INFO | __main__:_on_startup:98 | 🚀 TelegramBot started successfully!
2025-07-24 17:27:53 | INFO | __main__:_on_startup:99 | Bot description: Telegram Bot
2025-07-24 17:27:53 | INFO | __main__:_on_startup:106 | Bot commands set successfully
2025-07-24 17:27:53 | INFO | __main__:run:136 | Starting bot polling...
2025-07-24 17:30:26 | INFO | __main__:_on_shutdown:111 | 🛑 Shutting down bot...
2025-07-24 17:30:26 | INFO | __main__:_on_shutdown:114 | Bot shutdown completed
2025-07-24 17:30:31 | INFO | __main__:_setup_logging:46 | Logging configured with level: DEBUG
2025-07-24 17:30:31 | INFO | __main__:_setup_bot_and_dispatcher:65 | Setting up bot and dispatcher...
2025-07-24 17:30:31 | INFO | __main__:_on_startup:98 | 🚀 TelegramBot started successfully!
2025-07-24 17:30:31 | INFO | __main__:_on_startup:99 | Bot description: Telegram Bot
2025-07-24 17:30:32 | INFO | __main__:_on_startup:106 | Bot commands set successfully
2025-07-24 17:30:32 | INFO | __main__:run:136 | Starting bot polling...
2025-07-24 17:33:42 | INFO | __main__:_on_shutdown:111 | 🛑 Shutting down bot...
2025-07-24 17:33:42 | INFO | __main__:_on_shutdown:114 | Bot shutdown completed
2025-07-24 17:33:56 | INFO | __main__:_setup_logging:46 | Logging configured with level: DEBUG
2025-07-24 17:33:56 | INFO | __main__:_setup_bot_and_dispatcher:65 | Setting up bot and dispatcher...
2025-07-24 17:33:56 | INFO | __main__:_on_startup:98 | 🚀 TelegramBot started successfully!
2025-07-24 17:33:56 | INFO | __main__:_on_startup:99 | Bot description: Telegram Bot
2025-07-24 17:33:56 | INFO | __main__:_on_startup:106 | Bot commands set successfully
2025-07-24 17:33:56 | INFO | __main__:run:136 | Starting bot polling...
2025-07-24 17:36:13 | INFO | __main__:_on_shutdown:111 | 🛑 Shutting down bot...
2025-07-24 17:36:13 | INFO | __main__:_on_shutdown:114 | Bot shutdown completed
2025-07-24 17:36:21 | INFO | __main__:_setup_logging:46 | Logging configured with level: DEBUG
2025-07-24 17:36:21 | INFO | __main__:_setup_bot_and_dispatcher:65 | Setting up bot and dispatcher...
2025-07-24 17:36:21 | INFO | __main__:_on_startup:98 | 🚀 TelegramBot started successfully!
2025-07-24 17:36:21 | INFO | __main__:_on_startup:99 | Bot description: Telegram Bot
2025-07-24 17:36:22 | INFO | __main__:_on_startup:106 | Bot commands set successfully
2025-07-24 17:36:22 | INFO | __main__:run:136 | Starting bot polling...
2025-07-24 17:36:44 | INFO | __main__:_on_shutdown:111 | 🛑 Shutting down bot...
2025-07-24 17:36:44 | INFO | __main__:_on_shutdown:114 | Bot shutdown completed
2025-07-24 17:38:23 | INFO | __main__:_setup_logging:46 | Logging configured with level: DEBUG
2025-07-24 17:38:23 | INFO | __main__:_setup_bot_and_dispatcher:65 | Setting up bot and dispatcher...
2025-07-24 17:38:23 | INFO | __main__:_on_startup:98 | 🚀 TelegramBot started successfully!
2025-07-24 17:38:23 | INFO | __main__:_on_startup:99 | Bot description: Telegram Bot
2025-07-24 17:38:23 | INFO | __main__:_on_startup:106 | Bot commands set successfully
2025-07-24 17:38:23 | INFO | __main__:run:136 | Starting bot polling...
2025-07-24 17:41:58 | INFO | __main__:_on_shutdown:111 | 🛑 Shutting down bot...
2025-07-24 17:41:58 | INFO | __main__:_on_shutdown:114 | Bot shutdown completed
2025-07-24 17:42:03 | INFO | __main__:_setup_logging:46 | Logging configured with level: DEBUG
2025-07-24 17:42:03 | INFO | __main__:_setup_bot_and_dispatcher:65 | Setting up bot and dispatcher...
2025-07-24 17:42:03 | INFO | __main__:_on_startup:98 | 🚀 TelegramBot started successfully!
2025-07-24 17:42:03 | INFO | __main__:_on_startup:99 | Bot description: Telegram Bot
2025-07-24 17:42:04 | INFO | __main__:_on_startup:106 | Bot commands set successfully
2025-07-24 17:42:04 | INFO | __main__:run:136 | Starting bot polling...
2025-07-24 17:42:09 | INFO | __main__:_on_shutdown:111 | 🛑 Shutting down bot...
2025-07-24 17:42:09 | INFO | __main__:_on_shutdown:114 | Bot shutdown completed
2025-07-24 17:44:18 | INFO | __main__:_setup_logging:46 | Logging configured with level: DEBUG
2025-07-24 17:44:18 | INFO | __main__:_setup_bot_and_dispatcher:65 | Setting up bot and dispatcher...
2025-07-24 17:44:18 | INFO | __main__:_on_startup:98 | 🚀 TelegramBot started successfully!
2025-07-24 17:44:18 | INFO | __main__:_on_startup:99 | Bot description: Telegram Bot
2025-07-24 17:44:19 | INFO | __main__:_on_startup:106 | Bot commands set successfully
2025-07-24 17:44:19 | INFO | __main__:run:136 | Starting bot polling...
2025-07-24 17:44:59 | INFO | __main__:_on_shutdown:111 | 🛑 Shutting down bot...
2025-07-24 17:44:59 | INFO | __main__:_on_shutdown:114 | Bot shutdown completed
2025-07-24 17:45:04 | INFO | __main__:_setup_logging:46 | Logging configured with level: DEBUG
2025-07-24 17:45:04 | INFO | __main__:_setup_bot_and_dispatcher:65 | Setting up bot and dispatcher...
2025-07-24 17:45:04 | INFO | __main__:_on_startup:98 | 🚀 TelegramBot started successfully!
2025-07-24 17:45:04 | INFO | __main__:_on_startup:99 | Bot description: Telegram Bot
2025-07-24 17:45:04 | INFO | __main__:_on_startup:106 | Bot commands set successfully
2025-07-24 17:45:04 | INFO | __main__:run:136 | Starting bot polling...
2025-07-24 17:49:12 | INFO | __main__:_on_shutdown:111 | 🛑 Shutting down bot...
2025-07-24 17:49:12 | INFO | __main__:_on_shutdown:114 | Bot shutdown completed
2025-07-24 17:50:22 | INFO | __main__:_setup_logging:46 | Logging configured with level: DEBUG
2025-07-24 17:50:22 | INFO | __main__:_setup_bot_and_dispatcher:65 | Setting up bot and dispatcher...
2025-07-24 17:50:23 | INFO | __main__:_on_startup:98 | 🚀 TelegramBot started successfully!
2025-07-24 17:50:23 | INFO | __main__:_on_startup:99 | Bot description: Telegram Bot
2025-07-24 17:50:23 | INFO | __main__:_on_startup:106 | Bot commands set successfully
2025-07-24 17:50:23 | INFO | __main__:run:136 | Starting bot polling...
2025-07-24 17:51:00 | INFO | __main__:_on_shutdown:111 | 🛑 Shutting down bot...
2025-07-24 17:51:00 | INFO | __main__:_on_shutdown:114 | Bot shutdown completed
2025-07-24 17:51:04 | INFO | __main__:_setup_logging:46 | Logging configured with level: DEBUG
2025-07-24 17:51:04 | INFO | __main__:_setup_bot_and_dispatcher:65 | Setting up bot and dispatcher...
2025-07-24 17:51:05 | INFO | __main__:_on_startup:98 | 🚀 TelegramBot started successfully!
2025-07-24 17:51:05 | INFO | __main__:_on_startup:99 | Bot description: Telegram Bot
2025-07-24 17:51:05 | INFO | __main__:_on_startup:106 | Bot commands set successfully
2025-07-24 17:51:05 | INFO | __main__:run:136 | Starting bot polling...
2025-07-24 17:55:01 | INFO | __main__:_on_shutdown:111 | 🛑 Shutting down bot...
2025-07-24 17:55:01 | INFO | __main__:_on_shutdown:114 | Bot shutdown completed
2025-07-24 17:55:06 | INFO | __main__:_setup_logging:46 | Logging configured with level: DEBUG
2025-07-24 17:55:06 | INFO | __main__:_setup_bot_and_dispatcher:65 | Setting up bot and dispatcher...
2025-07-24 17:55:06 | INFO | __main__:_on_startup:98 | 🚀 TelegramBot started successfully!
2025-07-24 17:55:06 | INFO | __main__:_on_startup:99 | Bot description: Telegram Bot
2025-07-24 17:55:06 | INFO | __main__:_on_startup:106 | Bot commands set successfully
2025-07-24 17:55:06 | INFO | __main__:run:136 | Starting bot polling...
